Using pre-set license
Built from '2021.3/staging' branch; Version is '2021.3.18f1 (3129e69bc0c7) revision 3221990'; Using compiler version '192829333'; Build Type 'Release'
OS: 'Windows 10  (10.0.19044) 64bit Professional' Language: 'ru' Physical Memory: 16332 MB
BatchMode: 1, IsHumanControllingUs: 0, StartBugReporterOnCrash: 0, Is64bit: 1, IsPro: 1

COMMAND LINE ARGUMENTS:
E:\Unity\2021.3.18f1\Editor\Unity.exe
-adb2
-batchMode
-noUpm
-name
AssetImportWorker0
-projectPath
E:/Unity/уКостра/bonfire/Bonfire
-logFile
Logs/AssetImportWorker0.log
-srvPort
61086
Successfully changed project path to: E:/Unity/уКостра/bonfire/Bonfire
E:/Unity/уКостра/bonfire/Bonfire
[UnityMemory] Configuration Parameters - Can be set up in boot.config
    "memorysetup-bucket-allocator-granularity=16"
    "memorysetup-bucket-allocator-bucket-count=8"
    "memorysetup-bucket-allocator-block-size=33554432"
    "memorysetup-bucket-allocator-block-count=8"
    "memorysetup-main-allocator-block-size=16777216"
    "memorysetup-thread-allocator-block-size=16777216"
    "memorysetup-gfx-main-allocator-block-size=16777216"
    "memorysetup-gfx-thread-allocator-block-size=16777216"
    "memorysetup-cache-allocator-block-size=4194304"
    "memorysetup-typetree-allocator-block-size=2097152"
    "memorysetup-profiler-bucket-allocator-granularity=16"
    "memorysetup-profiler-bucket-allocator-bucket-count=8"
    "memorysetup-profiler-bucket-allocator-block-size=33554432"
    "memorysetup-profiler-bucket-allocator-block-count=8"
    "memorysetup-profiler-allocator-block-size=16777216"
    "memorysetup-profiler-editor-allocator-block-size=1048576"
    "memorysetup-temp-allocator-size-main=16777216"
    "memorysetup-job-temp-allocator-block-size=2097152"
    "memorysetup-job-temp-allocator-block-size-background=1048576"
    "memorysetup-job-temp-allocator-reduction-small-platforms=262144"
    "memorysetup-temp-allocator-size-background-worker=32768"
    "memorysetup-temp-allocator-size-job-worker=262144"
    "memorysetup-temp-allocator-size-preload-manager=33554432"
    "memorysetup-temp-allocator-size-nav-mesh-worker=65536"
    "memorysetup-temp-allocator-size-audio-worker=65536"
    "memorysetup-temp-allocator-size-cloud-worker=32768"
    "memorysetup-temp-allocator-size-gi-baking-worker=262144"
    "memorysetup-temp-allocator-size-gfx=262144"
Player connection [13120] Host "[IP] 192.168.1.100 [Port] 0 [Flags] 2 [Guid] 2686975350 [EditorId] 2686975350 [Version] 1048832 [Id] WindowsEditor(7,Unknow) [Debug] 1 [PackageName] WindowsEditor [ProjectName] Editor" joined multi-casting on [225.0.0.222:54997]...

Player connection [13120] Host "[IP] 192.168.1.100 [Port] 0 [Flags] 2 [Guid] 2686975350 [EditorId] 2686975350 [Version] 1048832 [Id] WindowsEditor(7,Unknow) [Debug] 1 [PackageName] WindowsEditor [ProjectName] Editor" joined alternative multi-casting on [225.0.0.222:34997]...

Refreshing native plugins compatible for Editor in 89.33 ms, found 4 plugins.
Preloading 0 native plugins for Editor in 0.00 ms.
Initialize engine version: 2021.3.18f1 (3129e69bc0c7)
[Subsystems] Discovering subsystems at path E:/Unity/2021.3.18f1/Editor/Data/Resources/UnitySubsystems
[Subsystems] Discovering subsystems at path E:/Unity/уКостра/bonfire/Bonfire/Assets
GfxDevice: creating device client; threaded=0; jobified=0
Direct3D:
    Version:  Direct3D 11.0 [level 11.1]
    Renderer: NVIDIA GeForce GTX 1060 6GB (ID=0x1c03)
    Vendor:   NVIDIA
    VRAM:     6052 MB
    Driver:   31.0.15.1694
Initialize mono
Mono path[0] = 'E:/Unity/2021.3.18f1/Editor/Data/Managed'
Mono path[1] = 'E:/Unity/2021.3.18f1/Editor/Data/MonoBleedingEdge/lib/mono/unityjit-win32'
Mono config path = 'E:/Unity/2021.3.18f1/Editor/Data/MonoBleedingEdge/etc'
Using monoOptions --debugger-agent=transport=dt_socket,embedding=1,server=y,suspend=n,address=127.0.0.1:56104
Begin MonoManager ReloadAssembly
Registering precompiled unity dll's ...
Register platform support module: E:/Unity/2021.3.18f1/Editor/Data/PlaybackEngines/AndroidPlayer/UnityEditor.Android.Extensions.dll
Register platform support module: E:/Unity/2021.3.18f1/Editor/Data/PlaybackEngines/iOSSupport/UnityEditor.iOS.Extensions.dll
Register platform support module: E:/Unity/2021.3.18f1/Editor/Data/PlaybackEngines/WindowsStandaloneSupport/UnityEditor.WindowsStandalone.Extensions.dll
Registered in 0.003544 seconds.
Native extension for WindowsStandalone target not found
[usbmuxd] Start listen thread
[usbmuxd] Listen thread started
Native extension for iOS target not found
Native extension for Android target not found
Android Extension - Scanning For ADB Devices 241 ms
Refreshing native plugins compatible for Editor in 88.07 ms, found 4 plugins.
Preloading 0 native plugins for Editor in 0.00 ms.
Mono: successfully reloaded assembly
- Completed reload, in  0.834 seconds
Domain Reload Profiling:
	ReloadAssembly (835ms)
		BeginReloadAssembly (63ms)
			ExecutionOrderSort (0ms)
			DisableScriptedObjects (0ms)
			BackupInstance (0ms)
			ReleaseScriptingObjects (0ms)
			CreateAndSetChildDomain (1ms)
		EndReloadAssembly (680ms)
			LoadAssemblies (63ms)
			RebuildTransferFunctionScriptingTraits (0ms)
			SetupTypeCache (96ms)
			ReleaseScriptCaches (0ms)
			RebuildScriptCaches (25ms)
			SetupLoadedEditorAssemblies (516ms)
				LogAssemblyErrors (0ms)
				InitializePlatformSupportModulesInManaged (312ms)
				SetLoadedEditorAssemblies (0ms)
				RefreshPlugins (88ms)
				BeforeProcessingInitializeOnLoad (1ms)
				ProcessInitializeOnLoadAttributes (77ms)
				ProcessInitializeOnLoadMethodAttributes (38ms)
				AfterProcessingInitializeOnLoad (0ms)
				EditorAssembliesLoaded (0ms)
			ExecutionOrderSort2 (0ms)
			AwakeInstancesAfterBackupRestoration (0ms)
Platform modules already initialized, skipping
Registering precompiled user dll's ...
Registered in 0.004185 seconds.
Begin MonoManager ReloadAssembly
Symbol file LoadedFromMemory doesn't match image E:\Unity\уКостра\bonfire\Bonfire\Library\PackageCache\com.unity.visualscripting@1.8.0\Editor\VisualScripting.Core\Dependencies\YamlDotNet\Unity.VisualScripting.YamlDotNet.dll
Symbol file LoadedFromMemory doesn't match image E:\Unity\уКостра\bonfire\Bonfire\Library\PackageCache\com.unity.visualscripting@1.8.0\Editor\VisualScripting.Core\Dependencies\DotNetZip\Unity.VisualScripting.IonicZip.dll
Native extension for WindowsStandalone target not found
Native extension for iOS target not found
Native extension for Android target not found
Refreshing native plugins compatible for Editor in 88.11 ms, found 4 plugins.
Preloading 0 native plugins for Editor in 0.00 ms.
Mono: successfully reloaded assembly
- Completed reload, in  0.975 seconds
Domain Reload Profiling:
	ReloadAssembly (976ms)
		BeginReloadAssembly (92ms)
			ExecutionOrderSort (0ms)
			DisableScriptedObjects (5ms)
			BackupInstance (0ms)
			ReleaseScriptingObjects (0ms)
			CreateAndSetChildDomain (19ms)
		EndReloadAssembly (783ms)
			LoadAssemblies (68ms)
			RebuildTransferFunctionScriptingTraits (0ms)
			SetupTypeCache (209ms)
			ReleaseScriptCaches (1ms)
			RebuildScriptCaches (50ms)
			SetupLoadedEditorAssemblies (413ms)
				LogAssemblyErrors (0ms)
				InitializePlatformSupportModulesInManaged (21ms)
				SetLoadedEditorAssemblies (0ms)
				RefreshPlugins (88ms)
				BeforeProcessingInitializeOnLoad (84ms)
				ProcessInitializeOnLoadAttributes (183ms)
				ProcessInitializeOnLoadMethodAttributes (34ms)
				AfterProcessingInitializeOnLoad (3ms)
				EditorAssembliesLoaded (0ms)
			ExecutionOrderSort2 (0ms)
			AwakeInstancesAfterBackupRestoration (5ms)
Platform modules already initialized, skipping
========================================================================
Worker process is ready to serve import requests
Launched and connected shader compiler UnityShaderCompiler.exe after 0.04 seconds
Refreshing native plugins compatible for Editor in 0.71 ms, found 4 plugins.
Preloading 0 native plugins for Editor in 0.00 ms.
Unloading 3749 Unused Serialized files (Serialized files now loaded: 0)
Unloading 34 unused Assets / (30.2 KB). Loaded Objects now: 4236.
Memory consumption went from 162.6 MB to 162.5 MB.
Total: 3.086700 ms (FindLiveObjects: 0.430700 ms CreateObjectMapping: 0.113000 ms MarkObjects: 2.509400 ms  DeleteObjects: 0.032300 ms)

AssetImportParameters requested are different than current active one (requested -> active):
  custom:video-decoder-ogg-theora: a1e56fd34408186e4bbccfd4996cb3dc -> 
  custom:container-muxer-webm: aa71ff27fc2769a1b78a27578f13a17b -> 
  custom:container-demuxer-webm: 4f35f7cbe854078d1ac9338744f61a02 -> 
  custom:video-encoder-webm-vp8: eb34c28f22e8b96e1ab97ce403110664 -> 
  custom:audio-encoder-webm-vorbis: bf7c407c2cedff20999df2af8eb42d56 -> 
  custom:framework-win-MediaFoundation: 216162199b28c13a410421893ffa2e32 -> 
  custom:container-demuxer-ogg: 62fdf1f143b41e24485cea50d1cbac27 -> 
  custom:video-decoder-webm-vp8: 9c59270c3fd7afecdb556c50c9e8de78 -> 
  custom:audio-decoder-ogg-vorbis: bf7c407c2cedff20999df2af8eb42d56 -> 
========================================================================
Received Import Request.
  Time since last request: 793612.291084 seconds.
  path: Assets/LvlDesign
  artifactKey: Guid(e614327281d56a2469b260ba4b02e3a4) Importer(815301076,1909f56bfc062723c751e8b465ee728b)
Start importing Assets/LvlDesign using Guid(e614327281d56a2469b260ba4b02e3a4) Importer(815301076,1909f56bfc062723c751e8b465ee728b)  -> (artifact id: 'e97b92c6cc34afc19ad25aba0c22499a') in 0.011689 seconds 
========================================================================
Received Import Request.
  Time since last request: 25.325381 seconds.
  path: Assets/LvlDesign/LvlForest
  artifactKey: Guid(b80423d4d378f4542866d6471abed118) Importer(815301076,1909f56bfc062723c751e8b465ee728b)
Start importing Assets/LvlDesign/LvlForest using Guid(b80423d4d378f4542866d6471abed118) Importer(815301076,1909f56bfc062723c751e8b465ee728b)  -> (artifact id: 'b1189633b0857b7c29f5f4343588b4c4') in 0.006574 seconds 
========================================================================
Received Import Request.
  Time since last request: 6.643966 seconds.
  path: Assets/LvlDesign/LvlForest/6762c312a729122f.png
  artifactKey: Guid(867d4519891d9c146b5c48d1f88d896a) Importer(815301076,1909f56bfc062723c751e8b465ee728b)
Start importing Assets/LvlDesign/LvlForest/6762c312a729122f.png using Guid(867d4519891d9c146b5c48d1f88d896a) Importer(815301076,1909f56bfc062723c751e8b465ee728b)  -> (artifact id: '6f78e8b868026d388e6a03de292c258b') in 0.285317 seconds 
========================================================================
Received Import Request.
  Time since last request: 0.000026 seconds.
  path: Assets/LvlDesign/LvlForest/fa1bbca76523fb1c.png
  artifactKey: Guid(52d0b49b89bc8d44686e8d814ba059f5) Importer(815301076,1909f56bfc062723c751e8b465ee728b)
Start importing Assets/LvlDesign/LvlForest/fa1bbca76523fb1c.png using Guid(52d0b49b89bc8d44686e8d814ba059f5) Importer(815301076,1909f56bfc062723c751e8b465ee728b)  -> (artifact id: '6fc6be79cf4b9dd40d54e8d8bf17c99b') in 0.067248 seconds 
========================================================================
Received Import Request.
  Time since last request: 320.431898 seconds.
  path: Assets/LvlDesign/LvlForest/f78d75b15899eee2.png
  artifactKey: Guid(1292b5160afdbaf40880bd6d7283aa08) Importer(815301076,1909f56bfc062723c751e8b465ee728b)
Start importing Assets/LvlDesign/LvlForest/f78d75b15899eee2.png using Guid(1292b5160afdbaf40880bd6d7283aa08) Importer(815301076,1909f56bfc062723c751e8b465ee728b)  -> (artifact id: 'ad45d145da41c0ccd7ec186a00c84f89') in 0.201560 seconds 
========================================================================
Received Import Request.
  Time since last request: 615.849505 seconds.
  path: Assets/LvlDesign/LvlForest/GameObject (1).prefab
  artifactKey: Guid(0cda4d62042bee64f8dcdaab978c3425) Importer(815301076,1909f56bfc062723c751e8b465ee728b)
Start importing Assets/LvlDesign/LvlForest/GameObject (1).prefab using Guid(0cda4d62042bee64f8dcdaab978c3425) Importer(815301076,1909f56bfc062723c751e8b465ee728b)  -> (artifact id: '3d214032ed145d954fa2cae3e87dd839') in 0.136031 seconds 
========================================================================
Received Import Request.
  Time since last request: 2489.843180 seconds.
  path: Assets/LvlDesign/LvlForest/fa1bbca76523fb1c.png
  artifactKey: Guid(52d0b49b89bc8d44686e8d814ba059f5) Importer(815301076,1909f56bfc062723c751e8b465ee728b)
Start importing Assets/LvlDesign/LvlForest/fa1bbca76523fb1c.png using Guid(52d0b49b89bc8d44686e8d814ba059f5) Importer(815301076,1909f56bfc062723c751e8b465ee728b)  -> (artifact id: 'd28455c60974ea534d73eb41a12c4f96') in 0.070769 seconds 
========================================================================
Received Import Request.
  Time since last request: 2.071722 seconds.
  path: Assets/LvlDesign/LvlForest/6762c312a729122f (1).png
  artifactKey: Guid(569c0a38e92717144b062ecef2fec98b) Importer(815301076,1909f56bfc062723c751e8b465ee728b)
Start importing Assets/LvlDesign/LvlForest/6762c312a729122f (1).png using Guid(569c0a38e92717144b062ecef2fec98b) Importer(815301076,1909f56bfc062723c751e8b465ee728b)  -> (artifact id: '5f0524777afd7c62f500f73da9a60473') in 0.056685 seconds 
========================================================================
Received Import Request.
  Time since last request: 11.298839 seconds.
  path: Assets/LvlDesign/LvlForest/fa1bbca76523fb1c.png
  artifactKey: Guid(52d0b49b89bc8d44686e8d814ba059f5) Importer(815301076,1909f56bfc062723c751e8b465ee728b)
Start importing Assets/LvlDesign/LvlForest/fa1bbca76523fb1c.png using Guid(52d0b49b89bc8d44686e8d814ba059f5) Importer(815301076,1909f56bfc062723c751e8b465ee728b)  -> (artifact id: '29809721eb7ec10be20ee5b188a386f5') in 0.073597 seconds 
========================================================================
Received Import Request.
  Time since last request: 7.408564 seconds.
  path: Assets/LvlDesign/LvlForest/fa1bbca76523fb1c.png
  artifactKey: Guid(52d0b49b89bc8d44686e8d814ba059f5) Importer(815301076,1909f56bfc062723c751e8b465ee728b)
Start importing Assets/LvlDesign/LvlForest/fa1bbca76523fb1c.png using Guid(52d0b49b89bc8d44686e8d814ba059f5) Importer(815301076,1909f56bfc062723c751e8b465ee728b)  -> (artifact id: '61757e2ebee326eca1186cbb1ce12ba8') in 0.137681 seconds 
========================================================================
Received Import Request.
  Time since last request: 5.484212 seconds.
  path: Assets/LvlDesign/LvlForest/6762c312a729122f (1).png
  artifactKey: Guid(569c0a38e92717144b062ecef2fec98b) Importer(815301076,1909f56bfc062723c751e8b465ee728b)
Start importing Assets/LvlDesign/LvlForest/6762c312a729122f (1).png using Guid(569c0a38e92717144b062ecef2fec98b) Importer(815301076,1909f56bfc062723c751e8b465ee728b)  -> (artifact id: '314135746b30ba6ffe7cc87a11942fa3') in 0.103034 seconds 
========================================================================
Received Import Request.
  Time since last request: 103.598074 seconds.
  path: Assets/LvlDesign/LvlForest/GameObject (1) 1.prefab
  artifactKey: Guid(e9bceb1e63be4b8469267408d147c768) Importer(815301076,1909f56bfc062723c751e8b465ee728b)
Start importing Assets/LvlDesign/LvlForest/GameObject (1) 1.prefab using Guid(e9bceb1e63be4b8469267408d147c768) Importer(815301076,1909f56bfc062723c751e8b465ee728b)  -> (artifact id: '1ecbb5519d720b5d26d74cc6a71c63ef') in 0.020987 seconds 
========================================================================
Received Import Request.
  Time since last request: 60.151182 seconds.
  path: Assets/LvlDesign/LvlForest/GameObject (1) 2.prefab
  artifactKey: Guid(8a6cd524b427d2e438034a456de64c3f) Importer(815301076,1909f56bfc062723c751e8b465ee728b)
Start importing Assets/LvlDesign/LvlForest/GameObject (1) 2.prefab using Guid(8a6cd524b427d2e438034a456de64c3f) Importer(815301076,1909f56bfc062723c751e8b465ee728b)  -> (artifact id: '586fc8252bdb20ecb30681a9bb79f75e') in 0.014037 seconds 
========================================================================
Received Import Request.
  Time since last request: 42.036427 seconds.
  path: Assets/LvlDesign/LvlForest/GameObject (1) 2.prefab
  artifactKey: Guid(8a6cd524b427d2e438034a456de64c3f) Importer(815301076,1909f56bfc062723c751e8b465ee728b)
Start importing Assets/LvlDesign/LvlForest/GameObject (1) 2.prefab using Guid(8a6cd524b427d2e438034a456de64c3f) Importer(815301076,1909f56bfc062723c751e8b465ee728b)  -> (artifact id: '82b48da477c5c3c0cf898bacd50cd196') in 0.008717 seconds 
========================================================================
Received Import Request.
  Time since last request: 1.689353 seconds.
  path: Assets/LvlDesign/LvlForest/GameObject (1) 2.prefab
  artifactKey: Guid(8a6cd524b427d2e438034a456de64c3f) Importer(815301076,1909f56bfc062723c751e8b465ee728b)
Start importing Assets/LvlDesign/LvlForest/GameObject (1) 2.prefab using Guid(8a6cd524b427d2e438034a456de64c3f) Importer(815301076,1909f56bfc062723c751e8b465ee728b)  -> (artifact id: '7842f2e4b9da397aca6a050648a6ea91') in 0.011095 seconds 
========================================================================
Received Import Request.
  Time since last request: 0.584478 seconds.
  path: Assets/LvlDesign/LvlForest/GameObject (1) 2.prefab
  artifactKey: Guid(8a6cd524b427d2e438034a456de64c3f) Importer(815301076,1909f56bfc062723c751e8b465ee728b)
Start importing Assets/LvlDesign/LvlForest/GameObject (1) 2.prefab using Guid(8a6cd524b427d2e438034a456de64c3f) Importer(815301076,1909f56bfc062723c751e8b465ee728b)  -> (artifact id: '2a7e4d4f81edb30b0617b39994340eec') in 0.010541 seconds 
========================================================================
Received Import Request.
  Time since last request: 0.968117 seconds.
  path: Assets/LvlDesign/LvlForest/GameObject (1) 2.prefab
  artifactKey: Guid(8a6cd524b427d2e438034a456de64c3f) Importer(815301076,1909f56bfc062723c751e8b465ee728b)
Start importing Assets/LvlDesign/LvlForest/GameObject (1) 2.prefab using Guid(8a6cd524b427d2e438034a456de64c3f) Importer(815301076,1909f56bfc062723c751e8b465ee728b)  -> (artifact id: 'ea06ce4507bc7dc36063c3a3b94ffd3d') in 0.009725 seconds 
========================================================================
Received Import Request.
  Time since last request: 8.252840 seconds.
  path: Assets/LvlDesign/LvlForest/GameObject (1) 2.prefab
  artifactKey: Guid(8a6cd524b427d2e438034a456de64c3f) Importer(815301076,1909f56bfc062723c751e8b465ee728b)
Start importing Assets/LvlDesign/LvlForest/GameObject (1) 2.prefab using Guid(8a6cd524b427d2e438034a456de64c3f) Importer(815301076,1909f56bfc062723c751e8b465ee728b)  -> (artifact id: '9f74391aaa07d6337397db9c027c085d') in 0.012950 seconds 
========================================================================
Received Import Request.
  Time since last request: 1.463436 seconds.
  path: Assets/LvlDesign/LvlForest/GameObject (1) 2.prefab
  artifactKey: Guid(8a6cd524b427d2e438034a456de64c3f) Importer(815301076,1909f56bfc062723c751e8b465ee728b)
Start importing Assets/LvlDesign/LvlForest/GameObject (1) 2.prefab using Guid(8a6cd524b427d2e438034a456de64c3f) Importer(815301076,1909f56bfc062723c751e8b465ee728b)  -> (artifact id: '58cc11acba11e908f9c45bdf5da97661') in 0.012303 seconds 
========================================================================
Received Import Request.
  Time since last request: 2.065576 seconds.
  path: Assets/LvlDesign/LvlForest/GameObject (1) 2.prefab
  artifactKey: Guid(8a6cd524b427d2e438034a456de64c3f) Importer(815301076,1909f56bfc062723c751e8b465ee728b)
Start importing Assets/LvlDesign/LvlForest/GameObject (1) 2.prefab using Guid(8a6cd524b427d2e438034a456de64c3f) Importer(815301076,1909f56bfc062723c751e8b465ee728b)  -> (artifact id: '43397ca6938ffa41f475ceb8a0fde8e4') in 0.012982 seconds 
========================================================================
Received Import Request.
  Time since last request: 1.791862 seconds.
  path: Assets/LvlDesign/LvlForest/GameObject (1) 2.prefab
  artifactKey: Guid(8a6cd524b427d2e438034a456de64c3f) Importer(815301076,1909f56bfc062723c751e8b465ee728b)
Start importing Assets/LvlDesign/LvlForest/GameObject (1) 2.prefab using Guid(8a6cd524b427d2e438034a456de64c3f) Importer(815301076,1909f56bfc062723c751e8b465ee728b)  -> (artifact id: '85dfb89ffca3dad5ab91abebf56c11a3') in 0.013444 seconds 
========================================================================
Received Import Request.
  Time since last request: 2.998822 seconds.
  path: Assets/LvlDesign/LvlForest/GameObject (1) 2.prefab
  artifactKey: Guid(8a6cd524b427d2e438034a456de64c3f) Importer(815301076,1909f56bfc062723c751e8b465ee728b)
Start importing Assets/LvlDesign/LvlForest/GameObject (1) 2.prefab using Guid(8a6cd524b427d2e438034a456de64c3f) Importer(815301076,1909f56bfc062723c751e8b465ee728b)  -> (artifact id: 'cf1bf57c85709dfc8a2401cc37da92a7') in 0.011634 seconds 
========================================================================
Received Import Request.
  Time since last request: 2.260961 seconds.
  path: Assets/LvlDesign/LvlForest/GameObject (1) 2.prefab
  artifactKey: Guid(8a6cd524b427d2e438034a456de64c3f) Importer(815301076,1909f56bfc062723c751e8b465ee728b)
Start importing Assets/LvlDesign/LvlForest/GameObject (1) 2.prefab using Guid(8a6cd524b427d2e438034a456de64c3f) Importer(815301076,1909f56bfc062723c751e8b465ee728b)  -> (artifact id: '8db56dfb3805420034c50cb79efef016') in 0.009176 seconds 
========================================================================
Received Import Request.
  Time since last request: 147.062548 seconds.
  path: Assets/LvlDesign/LvlForest/lanscapesForest.prefab
  artifactKey: Guid(d57f53021f120634bb23f24a61e4600d) Importer(815301076,1909f56bfc062723c751e8b465ee728b)
Start importing Assets/LvlDesign/LvlForest/lanscapesForest.prefab using Guid(d57f53021f120634bb23f24a61e4600d) Importer(815301076,1909f56bfc062723c751e8b465ee728b)  -> (artifact id: 'e77225e3159bfa8f645a75c21b336939') in 0.022743 seconds 
